<?xml version="1.0" encoding="UTF-8"?>
<!-- Generated by org.testng.reporters.JUnitReportReporter -->
<testsuite name="smokeTesting.createEvent" tests="6" time="117.404" ignored="0" failures="0" timestamp="25 Mar 2021 11:46:11 GMT" skipped="0" hostname="LAPTOP-5CL0AGDB" errors="0">
  <testcase name="TC_Host_1" time="6.164" classname="smokeTesting.createEvent"/>
  <testcase name="TC_Host_6" time="0.033" classname="smokeTesting.createEvent"/>
  <testcase name="TC_Host_3" time="5.560" classname="smokeTesting.createEvent"/>
  <testcase name="TC_Host_5" time="0.032" classname="smokeTesting.createEvent"/>
  <testcase name="TC_Host_4" time="71.878" classname="smokeTesting.createEvent"/>
  <testcase name="TC_Host_2" time="33.737" classname="smokeTesting.createEvent"/>
</testsuite> <!-- smokeTesting.createEvent -->
