<?xml version="1.0" encoding="UTF-8"?>
<!-- Generated by org.testng.reporters.JUnitReportReporter -->
<testsuite name="smokeTesting.basicEvent" tests="6" time="367.811" ignored="0" failures="0" timestamp="19 Jan 2022 05:42:06 GMT" skipped="0" hostname="LAPTOP-5CL0AGDB" errors="0">
  <testcase name="TC_Host_3" time="37.983" classname="smokeTesting.basicEvent"/>
  <testcase name="TC_Host_4" time="65.573" classname="smokeTesting.basicEvent"/>
  <testcase name="TC_Host_1" time="6.347" classname="smokeTesting.basicEvent"/>
  <testcase name="TC_Host_5" time="125.236" classname="smokeTesting.basicEvent"/>
  <testcase name="TC_Host_2" time="10.491" classname="smokeTesting.basicEvent"/>
  <testcase name="TC_Host_6" time="122.181" classname="smokeTesting.basicEvent"/>
</testsuite> <!-- smokeTesting.basicEvent -->
