<?xml version="1.0" encoding="UTF-8"?>
<!-- Generated by org.testng.reporters.JUnitReportReporter -->
<testsuite name="riotlySocialTests.checkscreenshotfolder" tests="2" time="14.382" ignored="0" failures="0" timestamp="21 May 2019 07:55:16 GMT" skipped="0" hostname="LAPTOP-A79HKB36" errors="0">
  <testcase name="OnBoarding" time="14.376" classname="riotlySocialTests.checkscreenshotfolder"/>
  <testcase name="datafetch" time="0.006" classname="riotlySocialTests.checkscreenshotfolder"/>
</testsuite> <!-- riotlySocialTests.checkscreenshotfolder -->
