<?xml version="1.0" encoding="UTF-8"?>
<!-- Generated by org.testng.reporters.JUnitReportReporter -->
<testsuite ignored="0" hostname="LAPTOP-5CL0AGDB" failures="0" tests="3" name="smokeTesting.ExistingGuestJoin" time="40.380" errors="0" timestamp="23 May 2022 04:42:28 GMT" skipped="0">
  <testcase classname="smokeTesting.ExistingGuestJoin" name="TC_Existing_Guest_3" time="0.011"/>
  <testcase classname="smokeTesting.ExistingGuestJoin" name="TC_Existing_Guest_2" time="2.052"/>
  <testcase classname="smokeTesting.ExistingGuestJoin" name="TC_Existing_Guest_1" time="38.317"/>
</testsuite> <!-- smokeTesting.ExistingGuestJoin -->
