<?xml version="1.0" encoding="UTF-8"?>
<!-- Generated by org.testng.reporters.JUnitReportReporter -->
<testsuite name="smokeTesting.NewAccount" tests="4" time="153.702" ignored="0" failures="0" timestamp="02 Mar 2022 07:06:15 GMT" skipped="0" hostname="LAPTOP-5CL0AGDB" errors="0">
  <testcase name="TC_New_Guest_3" time="1.017" classname="smokeTesting.NewAccount"/>
  <testcase name="TC_Existing_Guest_1" time="0.012" classname="smokeTesting.NewAccount"/>
  <testcase name="TC_NewAccount_1" time="10.045" classname="smokeTesting.NewAccount"/>
  <testcase name="TC_NewAccount_2" time="142.628" classname="smokeTesting.NewAccount"/>
</testsuite> <!-- smokeTesting.NewAccount -->
