<?xml version="1.0" encoding="UTF-8"?>
<!-- Generated by org.testng.reporters.JUnitReportReporter -->
<testsuite name="riotlySocialTests.SignUp" tests="2" time="0.614" ignored="0" failures="0" timestamp="18 Apr 2019 12:57:42 GMT" skipped="0" hostname="LAPTOP-A79HKB36" errors="0">
  <testcase name="newMember" time="0.612" classname="riotlySocialTests.SignUp"/>
  <testcase name="Onboarding" time="0.002" classname="riotlySocialTests.SignUp"/>
</testsuite> <!-- riotlySocialTests.SignUp -->
