<?xml version="1.0" encoding="UTF-8"?>
<!-- Generated by org.testng.reporters.JUnitReportReporter -->
<testsuite name="smokeTesting.createOngoingEvent" tests="7" time="93.895" ignored="0" failures="0" timestamp="25 Mar 2021 08:28:19 GMT" skipped="0" hostname="LAPTOP-5CL0AGDB" errors="0">
  <testcase name="TC_Host_1" time="6.041" classname="smokeTesting.createOngoingEvent"/>
  <testcase name="TC_Host_3" time="5.779" classname="smokeTesting.createOngoingEvent"/>
  <testcase name="TC_Host_4" time="2.372" classname="smokeTesting.createOngoingEvent"/>
  <testcase name="TC_Host_2" time="27.630" classname="smokeTesting.createOngoingEvent"/>
  <testcase name="TC_Existing_Guest_1" time="0.047" classname="smokeTesting.createOngoingEvent"/>
  <testcase name="TC_New_Guest_21" time="15.673" classname="smokeTesting.createOngoingEvent"/>
  <testcase name="TC_New_Guest_1" time="36.353" classname="smokeTesting.createOngoingEvent"/>
</testsuite> <!-- smokeTesting.createOngoingEvent -->
