<?xml version="1.0" encoding="UTF-8"?>
<!-- Generated by org.testng.reporters.JUnitReportReporter -->
<testsuite name="smokeTesting.existingHost" tests="3" time="35.699" ignored="1" failures="0" timestamp="07 Mar 2021 14:26:55 GMT" skipped="0" hostname="LAPTOP-5CL0AGDB" errors="0">
  <testcase name="TC_Host_3" time="5.263" classname="smokeTesting.existingHost"/>
  <testcase name="TC_Host_2" time="24.477" classname="smokeTesting.existingHost"/>
  <testcase name="TC_Host_1" time="5.959" classname="smokeTesting.existingHost"/>
  <testcase name="TC_Host_4" classname="smokeTesting.existingHost">
    <skipped/>
  </testcase> <!-- TC_Host_4 -->
</testsuite> <!-- smokeTesting.existingHost -->
