<?xml version="1.0" encoding="UTF-8"?>
<!-- Generated by org.testng.reporters.JUnitReportReporter -->
<testsuite name="smokeTesting.hostTests" tests="2" time="28.541" ignored="2" failures="0" timestamp="07 Mar 2021 14:04:07 GMT" skipped="0" hostname="LAPTOP-5CL0AGDB" errors="0">
  <testcase name="TC_Host_2" time="22.570" classname="smokeTesting.hostTests"/>
  <testcase name="TC_Host_1" time="5.971" classname="smokeTesting.hostTests"/>
  <testcase name="TC_Host_4" classname="smokeTesting.hostTests">
    <skipped/>
  </testcase> <!-- TC_Host_4 -->
  <testcase name="TC_Host_3" classname="smokeTesting.hostTests">
    <skipped/>
  </testcase> <!-- TC_Host_3 -->
</testsuite> <!-- smokeTesting.hostTests -->
