<?xml version="1.0" encoding="UTF-8"?>
<!-- Generated by org.testng.reporters.JUnitReportReporter -->
<testsuite name="riotlySocialTests.happyPath" tests="4" time="47.317" ignored="0" failures="0" timestamp="15 May 2019 06:37:09 GMT" skipped="0" hostname="LAPTOP-A79HKB36" errors="0">
  <testcase name="checkingcornerIcons" time="0.001" classname="riotlySocialTests.happyPath"/>
  <testcase name="micAndCamCheck" time="6.973" classname="riotlySocialTests.happyPath"/>
  <testcase name="newMember" time="4.109" classname="riotlySocialTests.happyPath"/>
  <testcase name="Onboarding" time="36.234" classname="riotlySocialTests.happyPath"/>
</testsuite> <!-- riotlySocialTests.happyPath -->
