<?xml version="1.0" encoding="UTF-8"?>
<!-- Generated by org.testng.reporters.JUnitReportReporter -->
<testsuite name="HappyPathTesting.existingUsers" tests="10" time="0.001" ignored="48" failures="0" timestamp="28 Feb 2021 12:05:58 GMT" skipped="10" hostname="LAPTOP-5CL0AGDB" errors="0">
  <testcase name="TC_EU_8" time="0.000" classname="HappyPathTesting.existingUsers">
    <skipped/>
  </testcase> <!-- TC_EU_8 -->
  <testcase name="TC_EU_5" time="0.000" classname="HappyPathTesting.existingUsers">
    <skipped/>
  </testcase> <!-- TC_EU_5 -->
  <testcase name="TC_EU_6" time="0.001" classname="HappyPathTesting.existingUsers">
    <skipped/>
  </testcase> <!-- TC_EU_6 -->
  <testcase name="TC_EU_2" time="0.000" classname="HappyPathTesting.existingUsers">
    <skipped/>
  </testcase> <!-- TC_EU_2 -->
  <testcase name="TC_EU_1" time="0.000" classname="HappyPathTesting.existingUsers">
    <skipped/>
  </testcase> <!-- TC_EU_1 -->
  <testcase name="TC_EU_10" time="0.000" classname="HappyPathTesting.existingUsers">
    <skipped/>
  </testcase> <!-- TC_EU_10 -->
  <testcase name="TC_EU_7" time="0.000" classname="HappyPathTesting.existingUsers">
    <skipped/>
  </testcase> <!-- TC_EU_7 -->
  <testcase name="TC_EU_3" time="0.000" classname="HappyPathTesting.existingUsers">
    <skipped/>
  </testcase> <!-- TC_EU_3 -->
  <testcase name="TC_EU_4" time="0.000" classname="HappyPathTesting.existingUsers">
    <skipped/>
  </testcase> <!-- TC_EU_4 -->
  <testcase name="TC_EU_9" time="0.000" classname="HappyPathTesting.existingUsers">
    <skipped/>
  </testcase> <!-- TC_EU_9 -->
  <testcase name="setupSuite" classname="accelerators.Base">
    <skipped/>
  </testcase> <!-- setupSuite -->
  <testcase name="setupSuite" classname="accelerators.Base">
    <skipped/>
  </testcase> <!-- setupSuite -->
  <testcase name="tearDown" classname="accelerators.Base">
    <skipped/>
  </testcase> <!-- tearDown -->
  <testcase name="tearDown" classname="accelerators.Base">
    <skipped/>
  </testcase> <!-- tearDown -->
  <testcase name="TC_5" classname="HappyPathTesting.admin">
    <skipped/>
  </testcase> <!-- TC_5 -->
  <testcase name="TC_6" classname="HappyPathTesting.admin">
    <skipped/>
  </testcase> <!-- TC_6 -->
  <testcase name="TC_19" classname="HappyPathTesting.admin">
    <skipped/>
  </testcase> <!-- TC_19 -->
  <testcase name="TC_26" classname="HappyPathTesting.admin">
    <skipped/>
  </testcase> <!-- TC_26 -->
  <testcase name="TC_15" classname="HappyPathTesting.admin">
    <skipped/>
  </testcase> <!-- TC_15 -->
  <testcase name="TC_27" classname="HappyPathTesting.admin">
    <skipped/>
  </testcase> <!-- TC_27 -->
  <testcase name="TC_16" classname="HappyPathTesting.admin">
    <skipped/>
  </testcase> <!-- TC_16 -->
  <testcase name="TC_28" classname="HappyPathTesting.admin">
    <skipped/>
  </testcase> <!-- TC_28 -->
  <testcase name="TC_17" classname="HappyPathTesting.admin">
    <skipped/>
  </testcase> <!-- TC_17 -->
  <testcase name="TC_29" classname="HappyPathTesting.admin">
    <skipped/>
  </testcase> <!-- TC_29 -->
  <testcase name="TC_18" classname="HappyPathTesting.admin">
    <skipped/>
  </testcase> <!-- TC_18 -->
  <testcase name="TC_22" classname="HappyPathTesting.admin">
    <skipped/>
  </testcase> <!-- TC_22 -->
  <testcase name="TC_33" classname="HappyPathTesting.admin">
    <skipped/>
  </testcase> <!-- TC_33 -->
  <testcase name="TC_23" classname="HappyPathTesting.admin">
    <skipped/>
  </testcase> <!-- TC_23 -->
  <testcase name="TC_24" classname="HappyPathTesting.admin">
    <skipped/>
  </testcase> <!-- TC_24 -->
  <testcase name="TC_14" classname="HappyPathTesting.admin">
    <skipped/>
  </testcase> <!-- TC_14 -->
  <testcase name="TC_25" classname="HappyPathTesting.admin">
    <skipped/>
  </testcase> <!-- TC_25 -->
  <testcase name="TC_30" classname="HappyPathTesting.admin">
    <skipped/>
  </testcase> <!-- TC_30 -->
  <testcase name="TC_20" classname="HappyPathTesting.admin">
    <skipped/>
  </testcase> <!-- TC_20 -->
  <testcase name="TC_31" classname="HappyPathTesting.admin">
    <skipped/>
  </testcase> <!-- TC_31 -->
  <testcase name="TC_21" classname="HappyPathTesting.admin">
    <skipped/>
  </testcase> <!-- TC_21 -->
  <testcase name="TC_32" classname="HappyPathTesting.admin">
    <skipped/>
  </testcase> <!-- TC_32 -->
  <testcase name="TC_23" classname="HappyPathTesting.existingUsers">
    <skipped/>
  </testcase> <!-- TC_23 -->
  <testcase name="TC_17" classname="HappyPathTesting.existingUsers">
    <skipped/>
  </testcase> <!-- TC_17 -->
  <testcase name="TC_28" classname="HappyPathTesting.existingUsers">
    <skipped/>
  </testcase> <!-- TC_28 -->
  <testcase name="TC_18" classname="HappyPathTesting.existingUsers">
    <skipped/>
  </testcase> <!-- TC_18 -->
  <testcase name="TC_29" classname="HappyPathTesting.existingUsers">
    <skipped/>
  </testcase> <!-- TC_29 -->
  <testcase name="TC_15" classname="HappyPathTesting.existingUsers">
    <skipped/>
  </testcase> <!-- TC_15 -->
  <testcase name="TC_26" classname="HappyPathTesting.existingUsers">
    <skipped/>
  </testcase> <!-- TC_26 -->
  <testcase name="TC_24" classname="HappyPathTesting.existingUsers">
    <skipped/>
  </testcase> <!-- TC_24 -->
  <testcase name="TC_14" classname="HappyPathTesting.existingUsers">
    <skipped/>
  </testcase> <!-- TC_14 -->
  <testcase name="TC_25" classname="HappyPathTesting.existingUsers">
    <skipped/>
  </testcase> <!-- TC_25 -->
  <testcase name="TC_33" classname="HappyPathTesting.existingUsers">
    <skipped/>
  </testcase> <!-- TC_33 -->
  <testcase name="TC_22" classname="HappyPathTesting.existingUsers">
    <skipped/>
  </testcase> <!-- TC_22 -->
  <testcase name="TC_6" classname="HappyPathTesting.existingUsers">
    <skipped/>
  </testcase> <!-- TC_6 -->
  <testcase name="TC_19" classname="HappyPathTesting.existingUsers">
    <skipped/>
  </testcase> <!-- TC_19 -->
  <testcase name="TC_30" classname="HappyPathTesting.existingUsers">
    <skipped/>
  </testcase> <!-- TC_30 -->
  <testcase name="TC_5" classname="HappyPathTesting.existingUsers">
    <skipped/>
  </testcase> <!-- TC_5 -->
  <testcase name="TC_31" classname="HappyPathTesting.existingUsers">
    <skipped/>
  </testcase> <!-- TC_31 -->
  <testcase name="TC_20" classname="HappyPathTesting.existingUsers">
    <skipped/>
  </testcase> <!-- TC_20 -->
  <testcase name="TC_32" classname="HappyPathTesting.existingUsers">
    <skipped/>
  </testcase> <!-- TC_32 -->
  <testcase name="TC_21" classname="HappyPathTesting.existingUsers">
    <skipped/>
  </testcase> <!-- TC_21 -->
  <testcase name="TC_16" classname="HappyPathTesting.existingUsers">
    <skipped/>
  </testcase> <!-- TC_16 -->
  <testcase name="TC_27" classname="HappyPathTesting.existingUsers">
    <skipped/>
  </testcase> <!-- TC_27 -->
</testsuite> <!-- HappyPathTesting.existingUsers -->
