<?xml version="1.0" encoding="UTF-8"?>
<!-- Generated by org.testng.reporters.JUnitReportReporter -->
<testsuite name="smokeTesting.addSponsors" tests="2" time="9.205" ignored="0" failures="0" timestamp="24 Mar 2021 14:34:45 GMT" skipped="0" hostname="LAPTOP-5CL0AGDB" errors="0">
  <testcase name="TC_Host_1" time="6.041" classname="smokeTesting.addSponsors"/>
  <testcase name="TC_Host_2" time="3.164" classname="smokeTesting.addSponsors"/>
</testsuite> <!-- smokeTesting.addSponsors -->
