<?xml version="1.0" encoding="UTF-8"?>
<!-- Generated by org.testng.reporters.JUnitReportReporter -->
<testsuite name="riotlySocialTests.Login" tests="2" time="0.021" ignored="0" failures="0" timestamp="10 Jun 2019 01:12:53 GMT" skipped="0" hostname="LAPTOP-A79HKB36" errors="0">
  <testcase name="onMicCam" time="0.015" classname="riotlySocialTests.Login"/>
  <testcase name="newLogin" time="0.006" classname="riotlySocialTests.Login"/>
</testsuite> <!-- riotlySocialTests.Login -->
